# JRE version: Java(TM) SE Runtime Environment 18.9 (11.0.9+7) (build 11.0.9+7-LTS)
# Java VM: Java HotSpot(TM) 64-Bit Server VM 18.9 (11.0.9+7-LTS, mixed mode, tiered, compressed oops, parallel gc, windows-amd64)
Heap:
 PSYoungGen      total 7168K, used 5984K [0x00000000eab00000, 0x00000000eb400000, 0x0000000100000000)
  eden space 5632K, 100% used [0x00000000eab00000,0x00000000eb080000,0x00000000eb080000)
  from space 1536K, 22% used [0x00000000eb080000,0x00000000eb0d8000,0x00000000eb200000)
  to   space 1024K, 99% used [0x00000000eb300000,0x00000000eb3ff070,0x00000000eb400000)
 ParOldGen       total 294400K, used 292152K [0x00000000c0000000, 0x00000000d1f80000, 0x00000000eab00000)
  object space 294400K, 99% used [0x00000000c0000000,0x00000000d1d4e0f8,0x00000000d1f80000)
 Metaspace       used 87538K, capacity 90962K, committed 91224K, reserved 1132544K
  class space    used 7495K, capacity 8723K, committed 8832K, reserved 1048576K
GC Heap History (10 events):
Event: 36449.586 GC heap after
{Heap after GC invocations=28137 (full 1070):
 PSYoungGen      total 6144K, used 3072K [0x00000000eab00000, 0x00000000eb700000, 0x0000000100000000)
  eden space 3072K, 0% used [0x00000000eab00000,0x00000000eab00000,0x00000000eae00000)
  from space 3072K, 100% used [0x00000000eae00000,0x00000000eb100000,0x00000000eb100000)
  to   space 4096K, 0% used [0x00000000eb300000,0x00000000eb300000,0x00000000eb700000)
 ParOldGen       total 294400K, used 282052K [0x00000000c0000000, 0x00000000d1f80000, 0x00000000eab00000)
  object space 294400K, 95% used [0x00000000c0000000,0x00000000d1371270,0x00000000d1f80000)
 Metaspace       used 87538K, capacity 90962K, committed 91224K, reserved 1132544K
  class space    used 7495K, capacity 8723K, committed 8832K, reserved 1048576K
}
Event: 36449.593 GC heap before
{Heap before GC invocations=28138 (full 1070):
 PSYoungGen      total 6144K, used 6144K [0x00000000eab00000, 0x00000000eb700000, 0x0000000100000000)
  eden space 3072K, 100% used [0x00000000eab00000,0x00000000eae00000,0x00000000eae00000)
  from space 3072K, 100% used [0x00000000eae00000,0x00000000eb100000,0x00000000eb100000)
  to   space 4096K, 0% used [0x00000000eb300000,0x00000000eb300000,0x00000000eb700000)
 ParOldGen       total 294400K, used 282052K [0x00000000c0000000, 0x00000000d1f80000, 0x00000000eab00000)
  object space 294400K, 95% used [0x00000000c0000000,0x00000000d1371270,0x00000000d1f80000)
 Metaspace       used 87538K, capacity 90962K, committed 91224K, reserved 1132544K
  class space    used 7495K, capacity 8723K, committed 8832K, reserved 1048576K
}
Event: 36449.598 GC heap after
{Heap after GC invocations=28138 (full 1070):
 PSYoungGen      total 7680K, used 3104K [0x00000000eab00000, 0x00000000eb680000, 0x0000000100000000)
  eden space 4096K, 0% used [0x00000000eab00000,0x00000000eab00000,0x00000000eaf00000)
  from space 3584K, 86% used [0x00000000eb300000,0x00000000eb608000,0x00000000eb680000)
  to   space 3584K, 0% used [0x00000000eaf80000,0x00000000eaf80000,0x00000000eb300000)
 ParOldGen       total 294400K, used 285124K [0x00000000c0000000, 0x00000000d1f80000, 0x00000000eab00000)
  object space 294400K, 96% used [0x00000000c0000000,0x00000000d1671270,0x00000000d1f80000)
 Metaspace       used 87538K, capacity 90962K, committed 91224K, reserved 1132544K
  class space    used 7495K, capacity 8723K, committed 8832K, reserved 1048576K
}
Event: 36449.602 GC heap before
{Heap before GC invocations=28139 (full 1070):
 PSYoungGen      total 7680K, used 7200K [0x00000000eab00000, 0x00000000eb680000, 0x0000000100000000)
  eden space 4096K, 100% used [0x00000000eab00000,0x00000000eaf00000,0x00000000eaf00000)
  from space 3584K, 86% used [0x00000000eb300000,0x00000000eb608000,0x00000000eb680000)
  to   space 3584K, 0% used [0x00000000eaf80000,0x00000000eaf80000,0x00000000eb300000)
 ParOldGen       total 294400K, used 285124K [0x00000000c0000000, 0x00000000d1f80000, 0x00000000eab00000)
  object space 294400K, 96% used [0x00000000c0000000,0x00000000d1671270,0x00000000d1f80000)
 Metaspace       used 87538K, capacity 90962K, committed 91224K, reserved 1132544K
  class space    used 7495K, capacity 8723K, committed 8832K, reserved 1048576K
}
Event: 36449.605 GC heap after
{Heap after GC invocations=28139 (full 1070):
 PSYoungGen      total 6144K, used 1440K [0x00000000eab00000, 0x00000000eb500000, 0x0000000100000000)
  eden space 4608K, 0% used [0x00000000eab00000,0x00000000eab00000,0x00000000eaf80000)
  from space 1536K, 93% used [0x00000000eaf80000,0x00000000eb0e8000,0x00000000eb100000)
  to   space 2560K, 0% used [0x00000000eb280000,0x00000000eb280000,0x00000000eb500000)
 ParOldGen       total 294400K, used 288057K [0x00000000c0000000, 0x00000000d1f80000, 0x00000000eab00000)
  object space 294400K, 97% used [0x00000000c0000000,0x00000000d194e6f0,0x00000000d1f80000)
 Metaspace       used 87538K, capacity 90962K, committed 91224K, reserved 1132544K
  class space    used 7495K, capacity 8723K, committed 8832K, reserved 1048576K
}
Event: 36449.612 GC heap before
{Heap before GC invocations=28140 (full 1070):
 PSYoungGen      total 6144K, used 6048K [0x00000000eab00000, 0x00000000eb500000, 0x0000000100000000)
  eden space 4608K, 100% used [0x00000000eab00000,0x00000000eaf80000,0x00000000eaf80000)
  from space 1536K, 93% used [0x00000000eaf80000,0x00000000eb0e8000,0x00000000eb100000)
  to   space 2560K, 0% used [0x00000000eb280000,0x00000000eb280000,0x00000000eb500000)
 ParOldGen       total 294400K, used 288057K [0x00000000c0000000, 0x00000000d1f80000, 0x00000000eab00000)
  object space 294400K, 97% used [0x00000000c0000000,0x00000000d194e6f0,0x00000000d1f80000)
 Metaspace       used 87538K, capacity 90962K, committed 91224K, reserved 1132544K
  class space    used 7495K, capacity 8723K, committed 8832K, reserved 1048576K
}
Event: 36449.613 GC heap after
{Heap after GC invocations=28140 (full 1070):
 PSYoungGen      total 6656K, used 785K [0x00000000eab00000, 0x00000000eb380000, 0x0000000100000000)
  eden space 5632K, 0% used [0x00000000eab00000,0x00000000eab00000,0x00000000eb080000)
  from space 1024K, 76% used [0x00000000eb280000,0x00000000eb344548,0x00000000eb380000)
  to   space 1536K, 0% used [0x00000000eb080000,0x00000000eb080000,0x00000000eb200000)
 ParOldGen       total 294400K, used 289296K [0x00000000c0000000, 0x00000000d1f80000, 0x00000000eab00000)
  object space 294400K, 98% used [0x00000000c0000000,0x00000000d1a840d8,0x00000000d1f80000)
 Metaspace       used 87538K, capacity 90962K, committed 91224K, reserved 1132544K
  class space    used 7495K, capacity 8723K, committed 8832K, reserved 1048576K
}
Event: 36450.203 GC heap before
{Heap before GC invocations=28141 (full 1070):
 PSYoungGen      total 6656K, used 6417K [0x00000000eab00000, 0x00000000eb380000, 0x0000000100000000)
  eden space 5632K, 100% used [0x00000000eab00000,0x00000000eb080000,0x00000000eb080000)
  from space 1024K, 76% used [0x00000000eb280000,0x00000000eb344548,0x00000000eb380000)
  to   space 1536K, 0% used [0x00000000eb080000,0x00000000eb080000,0x00000000eb200000)
 ParOldGen       total 294400K, used 289296K [0x00000000c0000000, 0x00000000d1f80000, 0x00000000eab00000)
  object space 294400K, 98% used [0x00000000c0000000,0x00000000d1a840d8,0x00000000d1f80000)
 Metaspace       used 87538K, capacity 90962K, committed 91224K, reserved 1132544K
  class space    used 7495K, capacity 8723K, committed 8832K, reserved 1048576K
}
Event: 36450.204 GC heap after
{Heap after GC invocations=28141 (full 1070):
 PSYoungGen      total 7168K, used 352K [0x00000000eab00000, 0x00000000eb400000, 0x0000000100000000)
  eden space 5632K, 0% used [0x00000000eab00000,0x00000000eab00000,0x00000000eb080000)
  from space 1536K, 22% used [0x00000000eb080000,0x00000000eb0d8000,0x00000000eb200000)
  to   space 1024K, 0% used [0x00000000eb300000,0x00000000eb300000,0x00000000eb400000)
 ParOldGen       total 294400K, used 289360K [0x00000000c0000000, 0x00000000d1f80000, 0x00000000eab00000)
  object space 294400K, 98% used [0x00000000c0000000,0x00000000d1a940d8,0x00000000d1f80000)
 Metaspace       used 87538K, capacity 90962K, committed 91224K, reserved 1132544K
  class space    used 7495K, capacity 8723K, committed 8832K, reserved 1048576K
}
Event: 36450.248 GC heap before
{Heap before GC invocations=28142 (full 1070):
 PSYoungGen      total 7168K, used 5984K [0x00000000eab00000, 0x00000000eb400000, 0x0000000100000000)
  eden space 5632K, 100% used [0x00000000eab00000,0x00000000eb080000,0x00000000eb080000)
  from space 1536K, 22% used [0x00000000eb080000,0x00000000eb0d8000,0x00000000eb200000)
  to   space 1024K, 0% used [0x00000000eb300000,0x00000000eb300000,0x00000000eb400000)
 ParOldGen       total 294400K, used 289360K [0x00000000c0000000, 0x00000000d1f80000, 0x00000000eab00000)
  object space 294400K, 98% used [0x00000000c0000000,0x00000000d1a940d8,0x00000000d1f80000)
 Metaspace       used 87538K, capacity 90962K, committed 91224K, reserved 1132544K
  class space    used 7495K, capacity 8723K, committed 8832K, reserved 1048576K
}

